<?xml version="1.0" encoding="UTF-8"?>
<!-- Generated by org.testng.reporters.JUnitReportReporter -->
<testsuite hostname="SKR" failures="0" tests="1" name="com.surajstore.testcases.IndexPageTest" time="53.489" errors="0" timestamp="2022-07-03T23:41:41 IST" skipped="0">
  <testcase classname="com.surajstore.testcases.IndexPageTest" name="verifyTitle" time="53.489"/>
  <system-out/>
</testsuite> <!-- com.surajstore.testcases.IndexPageTest -->
